# JRE version: OpenJDK Runtime Environment Temurin-21.0.10+7 (21.0.10+7) (build 21.0.10+7-LTS)
# Java VM: OpenJDK 64-Bit Server VM Temurin-21.0.10+7 (21.0.10+7-LTS, mixed mode, sharing, tiered, compressed oops, compressed class ptrs, parallel gc, windows-amd64)
GC Precious Log:
 CardTable entry size: 512
 CPUs: 8 total, 8 available
 Memory: 7985M
 Large Page Support: Disabled
 NUMA Support: Disabled
 Compressed Oops: Enabled (32-bit)
 Alignments: Space 512K, Generation 512K, Heap 2M
 Heap Min Capacity: 100M
 Heap Initial Capacity: 100M
 Heap Max Capacity: 2G
 Pre-touch: Disabled
 Parallel Workers: 8
Heap:
 PSYoungGen      total 17920K, used 5572K [0x00000000d5580000, 0x00000000d6a80000, 0x0000000100000000)
  eden space 15360K, 19% used [0x00000000d5580000,0x00000000d5878830,0x00000000d6480000)
  from space 2560K, 98% used [0x00000000d6800000,0x00000000d6a78b48,0x00000000d6a80000)
  to   space 3072K, 0% used [0x00000000d6500000,0x00000000d6500000,0x00000000d6800000)
 ParOldGen       total 68608K, used 55176K [0x0000000080000000, 0x0000000084300000, 0x00000000d5580000)
  object space 68608K, 80% used [0x0000000080000000,0x00000000835e23a0,0x0000000084300000)
 Metaspace       used 65061K, committed 66496K, reserved 1114112K
  class space    used 7083K, committed 7680K, reserved 1048576K
GC Heap History (20 events):
Event: 9.588 GC heap before
{Heap before GC invocations=33 (full 2):
 PSYoungGen      total 19456K, used 19036K [0x00000000d5580000, 0x00000000d6c80000, 0x0000000100000000)
  eden space 17920K, 100% used [0x00000000d5580000,0x00000000d6700000,0x00000000d6700000)
  from space 1536K, 72% used [0x00000000d6b00000,0x00000000d6c170e8,0x00000000d6c80000)
  to   space 1536K, 0% used [0x00000000d6980000,0x00000000d6980000,0x00000000d6b00000)
 ParOldGen       total 68608K, used 43002K [0x0000000080000000, 0x0000000084300000, 0x00000000d5580000)
  object space 68608K, 62% used [0x0000000080000000,0x00000000829feab0,0x0000000084300000)
 Metaspace       used 56056K, committed 57280K, reserved 1114112K
  class space    used 6170K, committed 6656K, reserved 1048576K
}
Event: 9.589 GC heap after
{Heap after GC invocations=33 (full 2):
 PSYoungGen      total 18944K, used 886K [0x00000000d5580000, 0x00000000d6b80000, 0x0000000100000000)
  eden space 17920K, 0% used [0x00000000d5580000,0x00000000d5580000,0x00000000d6700000)
  from space 1024K, 86% used [0x00000000d6980000,0x00000000d6a5d9e8,0x00000000d6a80000)
  to   space 1024K, 0% used [0x00000000d6a80000,0x00000000d6a80000,0x00000000d6b80000)
 ParOldGen       total 68608K, used 43751K [0x0000000080000000, 0x0000000084300000, 0x00000000d5580000)
  object space 68608K, 63% used [0x0000000080000000,0x0000000082ab9c28,0x0000000084300000)
 Metaspace       used 56056K, committed 57280K, reserved 1114112K
  class space    used 6170K, committed 6656K, reserved 1048576K
}
Event: 9.721 GC heap before
{Heap before GC invocations=34 (full 2):
 PSYoungGen      total 18944K, used 18806K [0x00000000d5580000, 0x00000000d6b80000, 0x0000000100000000)
  eden space 17920K, 100% used [0x00000000d5580000,0x00000000d6700000,0x00000000d6700000)
  from space 1024K, 86% used [0x00000000d6980000,0x00000000d6a5d9e8,0x00000000d6a80000)
  to   space 1024K, 0% used [0x00000000d6a80000,0x00000000d6a80000,0x00000000d6b80000)
 ParOldGen       total 68608K, used 43751K [0x0000000080000000, 0x0000000084300000, 0x00000000d5580000)
  object space 68608K, 63% used [0x0000000080000000,0x0000000082ab9c28,0x0000000084300000)
 Metaspace       used 57347K, committed 58560K, reserved 1114112K
  class space    used 6284K, committed 6784K, reserved 1048576K
}
Event: 9.722 GC heap after
{Heap after GC invocations=34 (full 2):
 PSYoungGen      total 18432K, used 352K [0x00000000d5580000, 0x00000000d6b00000, 0x0000000100000000)
  eden space 17920K, 0% used [0x00000000d5580000,0x00000000d5580000,0x00000000d6700000)
  from space 512K, 68% used [0x00000000d6a80000,0x00000000d6ad8000,0x00000000d6b00000)
  to   space 1024K, 0% used [0x00000000d6900000,0x00000000d6900000,0x00000000d6a00000)
 ParOldGen       total 68608K, used 43783K [0x0000000080000000, 0x0000000084300000, 0x00000000d5580000)
  object space 68608K, 63% used [0x0000000080000000,0x0000000082ac1c28,0x0000000084300000)
 Metaspace       used 57347K, committed 58560K, reserved 1114112K
  class space    used 6284K, committed 6784K, reserved 1048576K
}
Event: 10.167 GC heap before
{Heap before GC invocations=35 (full 2):
 PSYoungGen      total 18432K, used 12611K [0x00000000d5580000, 0x00000000d6b00000, 0x0000000100000000)
  eden space 17920K, 68% used [0x00000000d5580000,0x00000000d6178cf8,0x00000000d6700000)
  from space 512K, 68% used [0x00000000d6a80000,0x00000000d6ad8000,0x00000000d6b00000)
  to   space 1024K, 0% used [0x00000000d6900000,0x00000000d6900000,0x00000000d6a00000)
 ParOldGen       total 68608K, used 43783K [0x0000000080000000, 0x0000000084300000, 0x00000000d5580000)
  object space 68608K, 63% used [0x0000000080000000,0x0000000082ac1c28,0x0000000084300000)
 Metaspace       used 58483K, committed 59776K, reserved 1114112K
  class space    used 6425K, committed 6976K, reserved 1048576K
}
Event: 10.169 GC heap after
{Heap after GC invocations=35 (full 2):
 PSYoungGen      total 18944K, used 760K [0x00000000d5580000, 0x00000000d6b00000, 0x0000000100000000)
  eden space 17920K, 0% used [0x00000000d5580000,0x00000000d5580000,0x00000000d6700000)
  from space 1024K, 74% used [0x00000000d6900000,0x00000000d69be1b8,0x00000000d6a00000)
  to   space 1024K, 0% used [0x00000000d6a00000,0x00000000d6a00000,0x00000000d6b00000)
 ParOldGen       total 68608K, used 44744K [0x0000000080000000, 0x0000000084300000, 0x00000000d5580000)
  object space 68608K, 65% used [0x0000000080000000,0x0000000082bb23c8,0x0000000084300000)
 Metaspace       used 58483K, committed 59776K, reserved 1114112K
  class space    used 6425K, committed 6976K, reserved 1048576K
}
Event: 10.169 GC heap before
{Heap before GC invocations=36 (full 3):
 PSYoungGen      total 18944K, used 760K [0x00000000d5580000, 0x00000000d6b00000, 0x0000000100000000)
  eden space 17920K, 0% used [0x00000000d5580000,0x00000000d5580000,0x00000000d6700000)
  from space 1024K, 74% used [0x00000000d6900000,0x00000000d69be1b8,0x00000000d6a00000)
  to   space 1024K, 0% used [0x00000000d6a00000,0x00000000d6a00000,0x00000000d6b00000)
 ParOldGen       total 68608K, used 44744K [0x0000000080000000, 0x0000000084300000, 0x00000000d5580000)
  object space 68608K, 65% used [0x0000000080000000,0x0000000082bb23c8,0x0000000084300000)
 Metaspace       used 58483K, committed 59776K, reserved 1114112K
  class space    used 6425K, committed 6976K, reserved 1048576K
}
Event: 10.242 GC heap after
{Heap after GC invocations=36 (full 3):
 PSYoungGen      total 18944K, used 0K [0x00000000d5580000, 0x00000000d6b00000, 0x0000000100000000)
  eden space 17920K, 0% used [0x00000000d5580000,0x00000000d5580000,0x00000000d6700000)
  from space 1024K, 0% used [0x00000000d6900000,0x00000000d6900000,0x00000000d6a00000)
  to   space 1024K, 0% used [0x00000000d6a00000,0x00000000d6a00000,0x00000000d6b00000)
 ParOldGen       total 68608K, used 40068K [0x0000000080000000, 0x0000000084300000, 0x00000000d5580000)
  object space 68608K, 58% used [0x0000000080000000,0x0000000082721328,0x0000000084300000)
 Metaspace       used 58483K, committed 59776K, reserved 1114112K
  class space    used 6425K, committed 6976K, reserved 1048576K
}
Event: 10.772 GC heap before
{Heap before GC invocations=37 (full 3):
 PSYoungGen      total 18944K, used 17920K [0x00000000d5580000, 0x00000000d6b00000, 0x0000000100000000)
  eden space 17920K, 100% used [0x00000000d5580000,0x00000000d6700000,0x00000000d6700000)
  from space 1024K, 0% used [0x00000000d6900000,0x00000000d6900000,0x00000000d6a00000)
  to   space 1024K, 0% used [0x00000000d6a00000,0x00000000d6a00000,0x00000000d6b00000)
 ParOldGen       total 68608K, used 40068K [0x0000000080000000, 0x0000000084300000, 0x00000000d5580000)
  object space 68608K, 58% used [0x0000000080000000,0x0000000082721328,0x0000000084300000)
 Metaspace       used 60440K, committed 61760K, reserved 1114112K
  class space    used 6593K, committed 7168K, reserved 1048576K
}
Event: 10.775 GC heap after
{Heap after GC invocations=37 (full 3):
 PSYoungGen      total 18944K, used 1023K [0x00000000d5580000, 0x00000000d6d00000, 0x0000000100000000)
  eden space 17920K, 0% used [0x00000000d5580000,0x00000000d5580000,0x00000000d6700000)
  from space 1024K, 99% used [0x00000000d6a00000,0x00000000d6affc90,0x00000000d6b00000)
  to   space 3072K, 0% used [0x00000000d6700000,0x00000000d6700000,0x00000000d6a00000)
 ParOldGen       total 68608K, used 41721K [0x0000000080000000, 0x0000000084300000, 0x00000000d5580000)
  object space 68608K, 60% used [0x0000000080000000,0x00000000828be4d8,0x0000000084300000)
 Metaspace       used 60440K, committed 61760K, reserved 1114112K
  class space    used 6593K, committed 7168K, reserved 1048576K
}
Event: 10.950 GC heap before
{Heap before GC invocations=38 (full 3):
 PSYoungGen      total 18944K, used 18943K [0x00000000d5580000, 0x00000000d6d00000, 0x0000000100000000)
  eden space 17920K, 100% used [0x00000000d5580000,0x00000000d6700000,0x00000000d6700000)
  from space 1024K, 99% used [0x00000000d6a00000,0x00000000d6affc90,0x00000000d6b00000)
  to   space 3072K, 0% used [0x00000000d6700000,0x00000000d6700000,0x00000000d6a00000)
 ParOldGen       total 68608K, used 41721K [0x0000000080000000, 0x0000000084300000, 0x00000000d5580000)
  object space 68608K, 60% used [0x0000000080000000,0x00000000828be4d8,0x0000000084300000)
 Metaspace       used 62084K, committed 63488K, reserved 1114112K
  class space    used 6792K, committed 7360K, reserved 1048576K
}
Event: 10.954 GC heap after
{Heap after GC invocations=38 (full 3):
 PSYoungGen      total 20480K, used 2419K [0x00000000d5580000, 0x00000000d6c00000, 0x0000000100000000)
  eden space 17920K, 0% used [0x00000000d5580000,0x00000000d5580000,0x00000000d6700000)
  from space 2560K, 94% used [0x00000000d6700000,0x00000000d695cf88,0x00000000d6980000)
  to   space 2560K, 0% used [0x00000000d6980000,0x00000000d6980000,0x00000000d6c00000)
 ParOldGen       total 68608K, used 42732K [0x0000000080000000, 0x0000000084300000, 0x00000000d5580000)
  object space 68608K, 62% used [0x0000000080000000,0x00000000829bb040,0x0000000084300000)
 Metaspace       used 62084K, committed 63488K, reserved 1114112K
  class space    used 6792K, committed 7360K, reserved 1048576K
}
Event: 11.115 GC heap before
{Heap before GC invocations=39 (full 3):
 PSYoungGen      total 20480K, used 20339K [0x00000000d5580000, 0x00000000d6c00000, 0x0000000100000000)
  eden space 17920K, 100% used [0x00000000d5580000,0x00000000d6700000,0x00000000d6700000)
  from space 2560K, 94% used [0x00000000d6700000,0x00000000d695cf88,0x00000000d6980000)
  to   space 2560K, 0% used [0x00000000d6980000,0x00000000d6980000,0x00000000d6c00000)
 ParOldGen       total 68608K, used 42732K [0x0000000080000000, 0x0000000084300000, 0x00000000d5580000)
  object space 68608K, 62% used [0x0000000080000000,0x00000000829bb040,0x0000000084300000)
 Metaspace       used 63175K, committed 64512K, reserved 1114112K
  class space    used 6916K, committed 7488K, reserved 1048576K
}
Event: 11.119 GC heap after
{Heap after GC invocations=39 (full 3):
 PSYoungGen      total 17920K, used 2528K [0x00000000d5580000, 0x00000000d7100000, 0x0000000100000000)
  eden space 15360K, 0% used [0x00000000d5580000,0x00000000d5580000,0x00000000d6480000)
  from space 2560K, 98% used [0x00000000d6980000,0x00000000d6bf8038,0x00000000d6c00000)
  to   space 5120K, 0% used [0x00000000d6480000,0x00000000d6480000,0x00000000d6980000)
 ParOldGen       total 68608K, used 44839K [0x0000000080000000, 0x0000000084300000, 0x00000000d5580000)
  object space 68608K, 65% used [0x0000000080000000,0x0000000082bc9c18,0x0000000084300000)
 Metaspace       used 63175K, committed 64512K, reserved 1114112K
  class space    used 6916K, committed 7488K, reserved 1048576K
}
Event: 11.287 GC heap before
{Heap before GC invocations=40 (full 3):
 PSYoungGen      total 17920K, used 17888K [0x00000000d5580000, 0x00000000d7100000, 0x0000000100000000)
  eden space 15360K, 100% used [0x00000000d5580000,0x00000000d6480000,0x00000000d6480000)
  from space 2560K, 98% used [0x00000000d6980000,0x00000000d6bf8038,0x00000000d6c00000)
  to   space 5120K, 0% used [0x00000000d6480000,0x00000000d6480000,0x00000000d6980000)
 ParOldGen       total 68608K, used 44839K [0x0000000080000000, 0x0000000084300000, 0x00000000d5580000)
  object space 68608K, 65% used [0x0000000080000000,0x0000000082bc9c18,0x0000000084300000)
 Metaspace       used 64466K, committed 65920K, reserved 1114112K
  class space    used 7041K, committed 7680K, reserved 1048576K
}
Event: 11.291 GC heap after
{Heap after GC invocations=40 (full 3):
 PSYoungGen      total 17920K, used 2493K [0x00000000d5580000, 0x00000000d6b80000, 0x0000000100000000)
  eden space 15360K, 0% used [0x00000000d5580000,0x00000000d5580000,0x00000000d6480000)
  from space 2560K, 97% used [0x00000000d6480000,0x00000000d66ef640,0x00000000d6700000)
  to   space 3584K, 0% used [0x00000000d6800000,0x00000000d6800000,0x00000000d6b80000)
 ParOldGen       total 68608K, used 47204K [0x0000000080000000, 0x0000000084300000, 0x00000000d5580000)
  object space 68608K, 68% used [0x0000000080000000,0x0000000082e19258,0x0000000084300000)
 Metaspace       used 64466K, committed 65920K, reserved 1114112K
  class space    used 7041K, committed 7680K, reserved 1048576K
}
Event: 11.391 GC heap before
{Heap before GC invocations=41 (full 3):
 PSYoungGen      total 17920K, used 17853K [0x00000000d5580000, 0x00000000d6b80000, 0x0000000100000000)
  eden space 15360K, 100% used [0x00000000d5580000,0x00000000d6480000,0x00000000d6480000)
  from space 2560K, 97% used [0x00000000d6480000,0x00000000d66ef640,0x00000000d6700000)
  to   space 3584K, 0% used [0x00000000d6800000,0x00000000d6800000,0x00000000d6b80000)
 ParOldGen       total 68608K, used 47204K [0x0000000080000000, 0x0000000084300000, 0x00000000d5580000)
  object space 68608K, 68% used [0x0000000080000000,0x0000000082e19258,0x0000000084300000)
 Metaspace       used 64885K, committed 66304K, reserved 1114112K
  class space    used 7070K, committed 7680K, reserved 1048576K
}
Event: 11.394 GC heap after
{Heap after GC invocations=41 (full 3):
 PSYoungGen      total 18432K, used 2694K [0x00000000d5580000, 0x00000000d6b00000, 0x0000000100000000)
  eden space 15360K, 0% used [0x00000000d5580000,0x00000000d5580000,0x00000000d6480000)
  from space 3072K, 87% used [0x00000000d6800000,0x00000000d6aa1990,0x00000000d6b00000)
  to   space 3072K, 0% used [0x00000000d6500000,0x00000000d6500000,0x00000000d6800000)
 ParOldGen       total 68608K, used 49518K [0x0000000080000000, 0x0000000084300000, 0x00000000d5580000)
  object space 68608K, 72% used [0x0000000080000000,0x000000008305b930,0x0000000084300000)
 Metaspace       used 64885K, committed 66304K, reserved 1114112K
  class space    used 7070K, committed 7680K, reserved 1048576K
}
Event: 11.520 GC heap before
{Heap before GC invocations=42 (full 3):
 PSYoungGen      total 18432K, used 18054K [0x00000000d5580000, 0x00000000d6b00000, 0x0000000100000000)
  eden space 15360K, 100% used [0x00000000d5580000,0x00000000d6480000,0x00000000d6480000)
  from space 3072K, 87% used [0x00000000d6800000,0x00000000d6aa1990,0x00000000d6b00000)
  to   space 3072K, 0% used [0x00000000d6500000,0x00000000d6500000,0x00000000d6800000)
 ParOldGen       total 68608K, used 49518K [0x0000000080000000, 0x0000000084300000, 0x00000000d5580000)
  object space 68608K, 72% used [0x0000000080000000,0x000000008305b930,0x0000000084300000)
 Metaspace       used 65040K, committed 66432K, reserved 1114112K
  class space    used 7080K, committed 7680K, reserved 1048576K
}
Event: 11.524 GC heap after
{Heap after GC invocations=42 (full 3):
 PSYoungGen      total 18432K, used 3009K [0x00000000d5580000, 0x00000000d6a80000, 0x0000000100000000)
  eden space 15360K, 0% used [0x00000000d5580000,0x00000000d5580000,0x00000000d6480000)
  from space 3072K, 97% used [0x00000000d6500000,0x00000000d67f05a0,0x00000000d6800000)
  to   space 2560K, 0% used [0x00000000d6800000,0x00000000d6800000,0x00000000d6a80000)
 ParOldGen       total 68608K, used 51898K [0x0000000080000000, 0x0000000084300000, 0x00000000d5580000)
  object space 68608K, 75% used [0x0000000080000000,0x00000000832ae848,0x0000000084300000)
 Metaspace       used 65040K, committed 66432K, reserved 1114112K
  class space    used 7080K, committed 7680K, reserved 1048576K
}

