# JRE version: OpenJDK Runtime Environment Temurin-21.0.10+7 (21.0.10+7) (build 21.0.10+7-LTS)
# Java VM: OpenJDK 64-Bit Server VM Temurin-21.0.10+7 (21.0.10+7-LTS, mixed mode, sharing, tiered, compressed oops, compressed class ptrs, parallel gc, windows-amd64)
GC Precious Log:
 CardTable entry size: 512
 CPUs: 8 total, 8 available
 Memory: 7985M
 Large Page Support: Disabled
 NUMA Support: Disabled
 Compressed Oops: Enabled (32-bit)
 Alignments: Space 512K, Generation 512K, Heap 2M
 Heap Min Capacity: 100M
 Heap Initial Capacity: 100M
 Heap Max Capacity: 2G
 Pre-touch: Disabled
 Parallel Workers: 8
Heap:
 PSYoungGen      total 1536K, used 810K [0x00000000d5580000, 0x00000000d5800000, 0x0000000100000000)
  eden space 1024K, 54% used [0x00000000d5580000,0x00000000d560a8c0,0x00000000d5680000)
  from space 512K, 50% used [0x00000000d5700000,0x00000000d5740020,0x00000000d5780000)
  to   space 512K, 0% used [0x00000000d5780000,0x00000000d5780000,0x00000000d5800000)
 ParOldGen       total 553472K, used 553451K [0x0000000080000000, 0x00000000a1c80000, 0x00000000d5580000)
  object space 553472K, 99% used [0x0000000080000000,0x00000000a1c7adf0,0x00000000a1c80000)
 Metaspace       used 59008K, committed 60352K, reserved 1114112K
  class space    used 6344K, committed 6912K, reserved 1048576K
GC Heap History (20 events):
Event: 18.022 GC heap before
{Heap before GC invocations=1085 (full 3):
 PSYoungGen      total 2560K, used 2099K [0x00000000d5580000, 0x00000000d5980000, 0x0000000100000000)
  eden space 1024K, 100% used [0x00000000d5580000,0x00000000d5680000,0x00000000d5680000)
  from space 1536K, 70% used [0x00000000d5680000,0x00000000d578cfd0,0x00000000d5800000)
  to   space 1536K, 0% used [0x00000000d5800000,0x00000000d5800000,0x00000000d5980000)
 ParOldGen       total 545280K, used 544583K [0x0000000080000000, 0x00000000a1480000, 0x00000000d5580000)
  object space 545280K, 99% used [0x0000000080000000,0x00000000a13d1e58,0x00000000a1480000)
 Metaspace       used 58652K, committed 60096K, reserved 1114112K
  class space    used 6302K, committed 6912K, reserved 1048576K
}
Event: 18.025 GC heap after
{Heap after GC invocations=1085 (full 3):
 PSYoungGen      total 2560K, used 1171K [0x00000000d5580000, 0x00000000d5980000, 0x0000000100000000)
  eden space 1024K, 0% used [0x00000000d5580000,0x00000000d5580000,0x00000000d5680000)
  from space 1536K, 76% used [0x00000000d5800000,0x00000000d5924fd0,0x00000000d5980000)
  to   space 1536K, 0% used [0x00000000d5680000,0x00000000d5680000,0x00000000d5800000)
 ParOldGen       total 545792K, used 545626K [0x0000000080000000, 0x00000000a1500000, 0x00000000d5580000)
  object space 545792K, 99% used [0x0000000080000000,0x00000000a14d68b0,0x00000000a1500000)
 Metaspace       used 58652K, committed 60096K, reserved 1114112K
  class space    used 6302K, committed 6912K, reserved 1048576K
}
Event: 18.042 GC heap before
{Heap before GC invocations=1086 (full 3):
 PSYoungGen      total 2560K, used 2195K [0x00000000d5580000, 0x00000000d5980000, 0x0000000100000000)
  eden space 1024K, 100% used [0x00000000d5580000,0x00000000d5680000,0x00000000d5680000)
  from space 1536K, 76% used [0x00000000d5800000,0x00000000d5924fd0,0x00000000d5980000)
  to   space 1536K, 0% used [0x00000000d5680000,0x00000000d5680000,0x00000000d5800000)
 ParOldGen       total 545792K, used 545626K [0x0000000080000000, 0x00000000a1500000, 0x00000000d5580000)
  object space 545792K, 99% used [0x0000000080000000,0x00000000a14d68b0,0x00000000a1500000)
 Metaspace       used 58652K, committed 60096K, reserved 1114112K
  class space    used 6302K, committed 6912K, reserved 1048576K
}
Event: 18.045 GC heap after
{Heap after GC invocations=1086 (full 3):
 PSYoungGen      total 2560K, used 1131K [0x00000000d5580000, 0x00000000d5980000, 0x0000000100000000)
  eden space 1024K, 0% used [0x00000000d5580000,0x00000000d5580000,0x00000000d5680000)
  from space 1536K, 73% used [0x00000000d5680000,0x00000000d579ae88,0x00000000d5800000)
  to   space 1536K, 0% used [0x00000000d5800000,0x00000000d5800000,0x00000000d5980000)
 ParOldGen       total 546816K, used 546674K [0x0000000080000000, 0x00000000a1600000, 0x00000000d5580000)
  object space 546816K, 99% used [0x0000000080000000,0x00000000a15dc830,0x00000000a1600000)
 Metaspace       used 58652K, committed 60096K, reserved 1114112K
  class space    used 6302K, committed 6912K, reserved 1048576K
}
Event: 18.065 GC heap before
{Heap before GC invocations=1087 (full 3):
 PSYoungGen      total 2560K, used 2155K [0x00000000d5580000, 0x00000000d5980000, 0x0000000100000000)
  eden space 1024K, 100% used [0x00000000d5580000,0x00000000d5680000,0x00000000d5680000)
  from space 1536K, 73% used [0x00000000d5680000,0x00000000d579ae88,0x00000000d5800000)
  to   space 1536K, 0% used [0x00000000d5800000,0x00000000d5800000,0x00000000d5980000)
 ParOldGen       total 546816K, used 546674K [0x0000000080000000, 0x00000000a1600000, 0x00000000d5580000)
  object space 546816K, 99% used [0x0000000080000000,0x00000000a15dc830,0x00000000a1600000)
 Metaspace       used 58652K, committed 60096K, reserved 1114112K
  class space    used 6302K, committed 6912K, reserved 1048576K
}
Event: 18.068 GC heap after
{Heap after GC invocations=1087 (full 3):
 PSYoungGen      total 2560K, used 1123K [0x00000000d5580000, 0x00000000d5980000, 0x0000000100000000)
  eden space 1024K, 0% used [0x00000000d5580000,0x00000000d5580000,0x00000000d5680000)
  from space 1536K, 73% used [0x00000000d5800000,0x00000000d5918cf0,0x00000000d5980000)
  to   space 1536K, 0% used [0x00000000d5680000,0x00000000d5680000,0x00000000d5800000)
 ParOldGen       total 547840K, used 547724K [0x0000000080000000, 0x00000000a1700000, 0x00000000d5580000)
  object space 547840K, 99% used [0x0000000080000000,0x00000000a16e3150,0x00000000a1700000)
 Metaspace       used 58652K, committed 60096K, reserved 1114112K
  class space    used 6302K, committed 6912K, reserved 1048576K
}
Event: 18.087 GC heap before
{Heap before GC invocations=1088 (full 3):
 PSYoungGen      total 2560K, used 2147K [0x00000000d5580000, 0x00000000d5980000, 0x0000000100000000)
  eden space 1024K, 100% used [0x00000000d5580000,0x00000000d5680000,0x00000000d5680000)
  from space 1536K, 73% used [0x00000000d5800000,0x00000000d5918cf0,0x00000000d5980000)
  to   space 1536K, 0% used [0x00000000d5680000,0x00000000d5680000,0x00000000d5800000)
 ParOldGen       total 547840K, used 547724K [0x0000000080000000, 0x00000000a1700000, 0x00000000d5580000)
  object space 547840K, 99% used [0x0000000080000000,0x00000000a16e3150,0x00000000a1700000)
 Metaspace       used 58652K, committed 60096K, reserved 1114112K
  class space    used 6302K, committed 6912K, reserved 1048576K
}
Event: 18.089 GC heap after
{Heap after GC invocations=1088 (full 3):
 PSYoungGen      total 2560K, used 1152K [0x00000000d5580000, 0x00000000d5980000, 0x0000000100000000)
  eden space 1024K, 0% used [0x00000000d5580000,0x00000000d5580000,0x00000000d5680000)
  from space 1536K, 75% used [0x00000000d5680000,0x00000000d57a0000,0x00000000d5800000)
  to   space 1536K, 0% used [0x00000000d5800000,0x00000000d5800000,0x00000000d5980000)
 ParOldGen       total 548864K, used 548750K [0x0000000080000000, 0x00000000a1800000, 0x00000000d5580000)
  object space 548864K, 99% used [0x0000000080000000,0x00000000a17e38d8,0x00000000a1800000)
 Metaspace       used 58652K, committed 60096K, reserved 1114112K
  class space    used 6302K, committed 6912K, reserved 1048576K
}
Event: 18.116 GC heap before
{Heap before GC invocations=1089 (full 3):
 PSYoungGen      total 2560K, used 2176K [0x00000000d5580000, 0x00000000d5980000, 0x0000000100000000)
  eden space 1024K, 100% used [0x00000000d5580000,0x00000000d5680000,0x00000000d5680000)
  from space 1536K, 75% used [0x00000000d5680000,0x00000000d57a0000,0x00000000d5800000)
  to   space 1536K, 0% used [0x00000000d5800000,0x00000000d5800000,0x00000000d5980000)
 ParOldGen       total 548864K, used 548750K [0x0000000080000000, 0x00000000a1800000, 0x00000000d5580000)
  object space 548864K, 99% used [0x0000000080000000,0x00000000a17e38d8,0x00000000a1800000)
 Metaspace       used 58652K, committed 60096K, reserved 1114112K
  class space    used 6302K, committed 6912K, reserved 1048576K
}
Event: 18.118 GC heap after
{Heap after GC invocations=1089 (full 3):
 PSYoungGen      total 2560K, used 992K [0x00000000d5580000, 0x00000000d5980000, 0x0000000100000000)
  eden space 1024K, 0% used [0x00000000d5580000,0x00000000d5580000,0x00000000d5680000)
  from space 1536K, 64% used [0x00000000d5800000,0x00000000d58f8000,0x00000000d5980000)
  to   space 1536K, 0% used [0x00000000d5680000,0x00000000d5680000,0x00000000d5800000)
 ParOldGen       total 549888K, used 549756K [0x0000000080000000, 0x00000000a1900000, 0x00000000d5580000)
  object space 549888K, 99% used [0x0000000080000000,0x00000000a18df338,0x00000000a1900000)
 Metaspace       used 58652K, committed 60096K, reserved 1114112K
  class space    used 6302K, committed 6912K, reserved 1048576K
}
Event: 18.126 GC heap before
{Heap before GC invocations=1090 (full 3):
 PSYoungGen      total 2560K, used 2011K [0x00000000d5580000, 0x00000000d5980000, 0x0000000100000000)
  eden space 1024K, 99% used [0x00000000d5580000,0x00000000d567ed08,0x00000000d5680000)
  from space 1536K, 64% used [0x00000000d5800000,0x00000000d58f8000,0x00000000d5980000)
  to   space 1536K, 0% used [0x00000000d5680000,0x00000000d5680000,0x00000000d5800000)
 ParOldGen       total 549888K, used 549756K [0x0000000080000000, 0x00000000a1900000, 0x00000000d5580000)
  object space 549888K, 99% used [0x0000000080000000,0x00000000a18df338,0x00000000a1900000)
 Metaspace       used 58652K, committed 60096K, reserved 1114112K
  class space    used 6302K, committed 6912K, reserved 1048576K
}
Event: 18.130 GC heap after
{Heap after GC invocations=1090 (full 3):
 PSYoungGen      total 2048K, used 704K [0x00000000d5580000, 0x00000000d5880000, 0x0000000100000000)
  eden space 1024K, 0% used [0x00000000d5580000,0x00000000d5580000,0x00000000d5680000)
  from space 1024K, 68% used [0x00000000d5680000,0x00000000d5730000,0x00000000d5780000)
  to   space 1024K, 0% used [0x00000000d5780000,0x00000000d5780000,0x00000000d5880000)
 ParOldGen       total 550912K, used 550659K [0x0000000080000000, 0x00000000a1a00000, 0x00000000d5580000)
  object space 550912K, 99% used [0x0000000080000000,0x00000000a19c0de0,0x00000000a1a00000)
 Metaspace       used 58652K, committed 60096K, reserved 1114112K
  class space    used 6302K, committed 6912K, reserved 1048576K
}
Event: 18.141 GC heap before
{Heap before GC invocations=1091 (full 3):
 PSYoungGen      total 2048K, used 1728K [0x00000000d5580000, 0x00000000d5880000, 0x0000000100000000)
  eden space 1024K, 100% used [0x00000000d5580000,0x00000000d5680000,0x00000000d5680000)
  from space 1024K, 68% used [0x00000000d5680000,0x00000000d5730000,0x00000000d5780000)
  to   space 1024K, 0% used [0x00000000d5780000,0x00000000d5780000,0x00000000d5880000)
 ParOldGen       total 550912K, used 550659K [0x0000000080000000, 0x00000000a1a00000, 0x00000000d5580000)
  object space 550912K, 99% used [0x0000000080000000,0x00000000a19c0de0,0x00000000a1a00000)
 Metaspace       used 58652K, committed 60096K, reserved 1114112K
  class space    used 6302K, committed 6912K, reserved 1048576K
}
Event: 18.143 GC heap after
{Heap after GC invocations=1091 (full 3):
 PSYoungGen      total 2048K, used 704K [0x00000000d5580000, 0x00000000d5880000, 0x0000000100000000)
  eden space 1024K, 0% used [0x00000000d5580000,0x00000000d5580000,0x00000000d5680000)
  from space 1024K, 68% used [0x00000000d5780000,0x00000000d5830000,0x00000000d5880000)
  to   space 1024K, 0% used [0x00000000d5680000,0x00000000d5680000,0x00000000d5780000)
 ParOldGen       total 551424K, used 551331K [0x0000000080000000, 0x00000000a1a80000, 0x00000000d5580000)
  object space 551424K, 99% used [0x0000000080000000,0x00000000a1a68de0,0x00000000a1a80000)
 Metaspace       used 58652K, committed 60096K, reserved 1114112K
  class space    used 6302K, committed 6912K, reserved 1048576K
}
Event: 18.152 GC heap before
{Heap before GC invocations=1092 (full 3):
 PSYoungGen      total 2048K, used 1728K [0x00000000d5580000, 0x00000000d5880000, 0x0000000100000000)
  eden space 1024K, 100% used [0x00000000d5580000,0x00000000d5680000,0x00000000d5680000)
  from space 1024K, 68% used [0x00000000d5780000,0x00000000d5830000,0x00000000d5880000)
  to   space 1024K, 0% used [0x00000000d5680000,0x00000000d5680000,0x00000000d5780000)
 ParOldGen       total 551424K, used 551331K [0x0000000080000000, 0x00000000a1a80000, 0x00000000d5580000)
  object space 551424K, 99% used [0x0000000080000000,0x00000000a1a68de0,0x00000000a1a80000)
 Metaspace       used 58652K, committed 60096K, reserved 1114112K
  class space    used 6302K, committed 6912K, reserved 1048576K
}
Event: 18.153 GC heap after
{Heap after GC invocations=1092 (full 3):
 PSYoungGen      total 2048K, used 640K [0x00000000d5580000, 0x00000000d5880000, 0x0000000100000000)
  eden space 1024K, 0% used [0x00000000d5580000,0x00000000d5580000,0x00000000d5680000)
  from space 1024K, 62% used [0x00000000d5680000,0x00000000d5720000,0x00000000d5780000)
  to   space 1024K, 0% used [0x00000000d5780000,0x00000000d5780000,0x00000000d5880000)
 ParOldGen       total 552448K, used 551963K [0x0000000080000000, 0x00000000a1b80000, 0x00000000d5580000)
  object space 552448K, 99% used [0x0000000080000000,0x00000000a1b06de0,0x00000000a1b80000)
 Metaspace       used 58652K, committed 60096K, reserved 1114112K
  class space    used 6302K, committed 6912K, reserved 1048576K
}
Event: 18.190 GC heap before
{Heap before GC invocations=1093 (full 3):
 PSYoungGen      total 2048K, used 1651K [0x00000000d5580000, 0x00000000d5880000, 0x0000000100000000)
  eden space 1024K, 98% used [0x00000000d5580000,0x00000000d567cf40,0x00000000d5680000)
  from space 1024K, 62% used [0x00000000d5680000,0x00000000d5720000,0x00000000d5780000)
  to   space 1024K, 0% used [0x00000000d5780000,0x00000000d5780000,0x00000000d5880000)
 ParOldGen       total 552448K, used 551963K [0x0000000080000000, 0x00000000a1b80000, 0x00000000d5580000)
  object space 552448K, 99% used [0x0000000080000000,0x00000000a1b06de0,0x00000000a1b80000)
 Metaspace       used 58652K, committed 60096K, reserved 1114112K
  class space    used 6302K, committed 6912K, reserved 1048576K
}
Event: 18.192 GC heap after
{Heap after GC invocations=1093 (full 3):
 PSYoungGen      total 2048K, used 832K [0x00000000d5580000, 0x00000000d5880000, 0x0000000100000000)
  eden space 1024K, 0% used [0x00000000d5580000,0x00000000d5580000,0x00000000d5680000)
  from space 1024K, 81% used [0x00000000d5780000,0x00000000d5850000,0x00000000d5880000)
  to   space 1024K, 0% used [0x00000000d5680000,0x00000000d5680000,0x00000000d5780000)
 ParOldGen       total 552960K, used 552563K [0x0000000080000000, 0x00000000a1c00000, 0x00000000d5580000)
  object space 552960K, 99% used [0x0000000080000000,0x00000000a1b9cde0,0x00000000a1c00000)
 Metaspace       used 58652K, committed 60096K, reserved 1114112K
  class space    used 6302K, committed 6912K, reserved 1048576K
}
Event: 18.264 GC heap before
{Heap before GC invocations=1094 (full 3):
 PSYoungGen      total 2048K, used 1855K [0x00000000d5580000, 0x00000000d5880000, 0x0000000100000000)
  eden space 1024K, 99% used [0x00000000d5580000,0x00000000d567fff0,0x00000000d5680000)
  from space 1024K, 81% used [0x00000000d5780000,0x00000000d5850000,0x00000000d5880000)
  to   space 1024K, 0% used [0x00000000d5680000,0x00000000d5680000,0x00000000d5780000)
 ParOldGen       total 552960K, used 552563K [0x0000000080000000, 0x00000000a1c00000, 0x00000000d5580000)
  object space 552960K, 99% used [0x0000000080000000,0x00000000a1b9cde0,0x00000000a1c00000)
 Metaspace       used 58772K, committed 60160K, reserved 1114112K
  class space    used 6316K, committed 6912K, reserved 1048576K
}
Event: 18.267 GC heap after
{Heap after GC invocations=1094 (full 3):
 PSYoungGen      total 2048K, used 256K [0x00000000d5580000, 0x00000000d5800000, 0x0000000100000000)
  eden space 1024K, 0% used [0x00000000d5580000,0x00000000d5580000,0x00000000d5680000)
  from space 1024K, 25% used [0x00000000d5680000,0x00000000d56c0000,0x00000000d5780000)
  to   space 512K, 0% used [0x00000000d5780000,0x00000000d5780000,0x00000000d5800000)
 ParOldGen       total 553472K, used 553267K [0x0000000080000000, 0x00000000a1c80000, 0x00000000d5580000)
  object space 553472K, 99% used [0x0000000080000000,0x00000000a1c4cde0,0x00000000a1c80000)
 Metaspace       used 58772K, committed 60160K, reserved 1114112K
  class space    used 6316K, committed 6912K, reserved 1048576K
}

