# JRE version: OpenJDK Runtime Environment Temurin-21.0.10+7 (21.0.10+7) (build 21.0.10+7-LTS)
# Java VM: OpenJDK 64-Bit Server VM Temurin-21.0.10+7 (21.0.10+7-LTS, mixed mode, sharing, tiered, compressed oops, compressed class ptrs, parallel gc, windows-amd64)
GC Precious Log:
 CardTable entry size: 512
 CPUs: 8 total, 8 available
 Memory: 7985M
 Large Page Support: Disabled
 NUMA Support: Disabled
 Compressed Oops: Enabled (32-bit)
 Alignments: Space 512K, Generation 512K, Heap 2M
 Heap Min Capacity: 100M
 Heap Initial Capacity: 100M
 Heap Max Capacity: 2G
 Pre-touch: Disabled
 Parallel Workers: 8
Heap:
 PSYoungGen      total 4096K, used 2675K [0x00000000d5580000, 0x00000000d5b80000, 0x0000000100000000)
  eden space 3584K, 67% used [0x00000000d5580000,0x00000000d57dcf30,0x00000000d5900000)
  from space 512K, 50% used [0x00000000d5b00000,0x00000000d5b40020,0x00000000d5b80000)
  to   space 1024K, 0% used [0x00000000d5980000,0x00000000d5980000,0x00000000d5a80000)
 ParOldGen       total 1234944K, used 1234579K [0x0000000080000000, 0x00000000cb600000, 0x00000000d5580000)
  object space 1234944K, 99% used [0x0000000080000000,0x00000000cb5a4cf8,0x00000000cb600000)
 Metaspace       used 89090K, committed 90880K, reserved 1179648K
  class space    used 9312K, committed 10112K, reserved 1048576K
GC Heap History (20 events):
Event: 471.517 GC heap before
{Heap before GC invocations=1959 (full 4):
 PSYoungGen      total 3072K, used 3072K [0x00000000d5580000, 0x00000000d5b00000, 0x0000000100000000)
  eden space 2560K, 100% used [0x00000000d5580000,0x00000000d5800000,0x00000000d5800000)
  from space 512K, 100% used [0x00000000d5a80000,0x00000000d5b00000,0x00000000d5b00000)
  to   space 1024K, 0% used [0x00000000d5900000,0x00000000d5900000,0x00000000d5a00000)
 ParOldGen       total 1223168K, used 1222949K [0x0000000080000000, 0x00000000caa80000, 0x00000000d5580000)
  object space 1223168K, 99% used [0x0000000080000000,0x00000000caa49788,0x00000000caa80000)
 Metaspace       used 89063K, committed 90880K, reserved 1179648K
  class space    used 9312K, committed 10112K, reserved 1048576K
}
Event: 471.522 GC heap after
{Heap after GC invocations=1959 (full 4):
 PSYoungGen      total 3584K, used 320K [0x00000000d5580000, 0x00000000d5b00000, 0x0000000100000000)
  eden space 2560K, 0% used [0x00000000d5580000,0x00000000d5580000,0x00000000d5800000)
  from space 1024K, 31% used [0x00000000d5900000,0x00000000d5950000,0x00000000d5a00000)
  to   space 512K, 0% used [0x00000000d5a80000,0x00000000d5a80000,0x00000000d5b00000)
 ParOldGen       total 1223680K, used 1223341K [0x0000000080000000, 0x00000000cab00000, 0x00000000d5580000)
  object space 1223680K, 99% used [0x0000000080000000,0x00000000caaab798,0x00000000cab00000)
 Metaspace       used 89063K, committed 90880K, reserved 1179648K
  class space    used 9312K, committed 10112K, reserved 1048576K
}
Event: 471.859 GC heap before
{Heap before GC invocations=1960 (full 4):
 PSYoungGen      total 3584K, used 2880K [0x00000000d5580000, 0x00000000d5b00000, 0x0000000100000000)
  eden space 2560K, 100% used [0x00000000d5580000,0x00000000d5800000,0x00000000d5800000)
  from space 1024K, 31% used [0x00000000d5900000,0x00000000d5950000,0x00000000d5a00000)
  to   space 512K, 0% used [0x00000000d5a80000,0x00000000d5a80000,0x00000000d5b00000)
 ParOldGen       total 1223680K, used 1223341K [0x0000000080000000, 0x00000000cab00000, 0x00000000d5580000)
  object space 1223680K, 99% used [0x0000000080000000,0x00000000caaab798,0x00000000cab00000)
 Metaspace       used 89064K, committed 90880K, reserved 1179648K
  class space    used 9312K, committed 10112K, reserved 1048576K
}
Event: 471.863 GC heap after
{Heap after GC invocations=1960 (full 4):
 PSYoungGen      total 3072K, used 256K [0x00000000d5580000, 0x00000000d5b00000, 0x0000000100000000)
  eden space 2560K, 0% used [0x00000000d5580000,0x00000000d5580000,0x00000000d5800000)
  from space 512K, 50% used [0x00000000d5a80000,0x00000000d5ac0000,0x00000000d5b00000)
  to   space 512K, 0% used [0x00000000d5a00000,0x00000000d5a00000,0x00000000d5a80000)
 ParOldGen       total 1223680K, used 1223349K [0x0000000080000000, 0x00000000cab00000, 0x00000000d5580000)
  object space 1223680K, 99% used [0x0000000080000000,0x00000000caaad798,0x00000000cab00000)
 Metaspace       used 89064K, committed 90880K, reserved 1179648K
  class space    used 9312K, committed 10112K, reserved 1048576K
}
Event: 472.086 GC heap before
{Heap before GC invocations=1961 (full 4):
 PSYoungGen      total 3072K, used 2816K [0x00000000d5580000, 0x00000000d5b00000, 0x0000000100000000)
  eden space 2560K, 100% used [0x00000000d5580000,0x00000000d5800000,0x00000000d5800000)
  from space 512K, 50% used [0x00000000d5a80000,0x00000000d5ac0000,0x00000000d5b00000)
  to   space 512K, 0% used [0x00000000d5a00000,0x00000000d5a00000,0x00000000d5a80000)
 ParOldGen       total 1223680K, used 1223349K [0x0000000080000000, 0x00000000cab00000, 0x00000000d5580000)
  object space 1223680K, 99% used [0x0000000080000000,0x00000000caaad798,0x00000000cab00000)
 Metaspace       used 89064K, committed 90880K, reserved 1179648K
  class space    used 9312K, committed 10112K, reserved 1048576K
}
Event: 472.088 GC heap after
{Heap after GC invocations=1961 (full 4):
 PSYoungGen      total 3072K, used 499K [0x00000000d5580000, 0x00000000d5c00000, 0x0000000100000000)
  eden space 2560K, 0% used [0x00000000d5580000,0x00000000d5580000,0x00000000d5800000)
  from space 512K, 97% used [0x00000000d5a00000,0x00000000d5a7cf78,0x00000000d5a80000)
  to   space 1536K, 0% used [0x00000000d5a80000,0x00000000d5a80000,0x00000000d5c00000)
 ParOldGen       total 1224704K, used 1224497K [0x0000000080000000, 0x00000000cac00000, 0x00000000d5580000)
  object space 1224704K, 99% used [0x0000000080000000,0x00000000cabcc710,0x00000000cac00000)
 Metaspace       used 89064K, committed 90880K, reserved 1179648K
  class space    used 9312K, committed 10112K, reserved 1048576K
}
Event: 472.091 GC heap before
{Heap before GC invocations=1962 (full 4):
 PSYoungGen      total 3072K, used 3059K [0x00000000d5580000, 0x00000000d5c00000, 0x0000000100000000)
  eden space 2560K, 100% used [0x00000000d5580000,0x00000000d5800000,0x00000000d5800000)
  from space 512K, 97% used [0x00000000d5a00000,0x00000000d5a7cf78,0x00000000d5a80000)
  to   space 1536K, 0% used [0x00000000d5a80000,0x00000000d5a80000,0x00000000d5c00000)
 ParOldGen       total 1224704K, used 1224497K [0x0000000080000000, 0x00000000cac00000, 0x00000000d5580000)
  object space 1224704K, 99% used [0x0000000080000000,0x00000000cabcc710,0x00000000cac00000)
 Metaspace       used 89064K, committed 90880K, reserved 1179648K
  class space    used 9312K, committed 10112K, reserved 1048576K
}
Event: 472.095 GC heap after
{Heap after GC invocations=1962 (full 4):
 PSYoungGen      total 3072K, used 1536K [0x00000000d5580000, 0x00000000d5f00000, 0x0000000100000000)
  eden space 1536K, 0% used [0x00000000d5580000,0x00000000d5580000,0x00000000d5700000)
  from space 1536K, 100% used [0x00000000d5a80000,0x00000000d5c00000,0x00000000d5c00000)
  to   space 3584K, 0% used [0x00000000d5700000,0x00000000d5700000,0x00000000d5a80000)
 ParOldGen       total 1226240K, used 1226013K [0x0000000080000000, 0x00000000cad80000, 0x00000000d5580000)
  object space 1226240K, 99% used [0x0000000080000000,0x00000000cad47698,0x00000000cad80000)
 Metaspace       used 89064K, committed 90880K, reserved 1179648K
  class space    used 9312K, committed 10112K, reserved 1048576K
}
Event: 472.097 GC heap before
{Heap before GC invocations=1963 (full 4):
 PSYoungGen      total 3072K, used 3051K [0x00000000d5580000, 0x00000000d5f00000, 0x0000000100000000)
  eden space 1536K, 98% used [0x00000000d5580000,0x00000000d56fad38,0x00000000d5700000)
  from space 1536K, 100% used [0x00000000d5a80000,0x00000000d5c00000,0x00000000d5c00000)
  to   space 3584K, 0% used [0x00000000d5700000,0x00000000d5700000,0x00000000d5a80000)
 ParOldGen       total 1226240K, used 1226013K [0x0000000080000000, 0x00000000cad80000, 0x00000000d5580000)
  object space 1226240K, 99% used [0x0000000080000000,0x00000000cad47698,0x00000000cad80000)
 Metaspace       used 89064K, committed 90880K, reserved 1179648K
  class space    used 9312K, committed 10112K, reserved 1048576K
}
Event: 472.099 GC heap after
{Heap after GC invocations=1963 (full 4):
 PSYoungGen      total 3584K, used 1544K [0x00000000d5580000, 0x00000000d5c80000, 0x0000000100000000)
  eden space 1536K, 0% used [0x00000000d5580000,0x00000000d5580000,0x00000000d5700000)
  from space 2048K, 75% used [0x00000000d5700000,0x00000000d5882000,0x00000000d5900000)
  to   space 2560K, 0% used [0x00000000d5a00000,0x00000000d5a00000,0x00000000d5c80000)
 ParOldGen       total 1227776K, used 1227581K [0x0000000080000000, 0x00000000caf00000, 0x00000000d5580000)
  object space 1227776K, 99% used [0x0000000080000000,0x00000000caecf698,0x00000000caf00000)
 Metaspace       used 89064K, committed 90880K, reserved 1179648K
  class space    used 9312K, committed 10112K, reserved 1048576K
}
Event: 472.103 GC heap before
{Heap before GC invocations=1964 (full 4):
 PSYoungGen      total 3584K, used 2753K [0x00000000d5580000, 0x00000000d5c80000, 0x0000000100000000)
  eden space 1536K, 78% used [0x00000000d5580000,0x00000000d56ae7c0,0x00000000d5700000)
  from space 2048K, 75% used [0x00000000d5700000,0x00000000d5882000,0x00000000d5900000)
  to   space 2560K, 0% used [0x00000000d5a00000,0x00000000d5a00000,0x00000000d5c80000)
 ParOldGen       total 1227776K, used 1227581K [0x0000000080000000, 0x00000000caf00000, 0x00000000d5580000)
  object space 1227776K, 99% used [0x0000000080000000,0x00000000caecf698,0x00000000caf00000)
 Metaspace       used 89064K, committed 90880K, reserved 1179648K
  class space    used 9312K, committed 10112K, reserved 1048576K
}
Event: 472.105 GC heap after
{Heap after GC invocations=1964 (full 4):
 PSYoungGen      total 3584K, used 1184K [0x00000000d5580000, 0x00000000d5b80000, 0x0000000100000000)
  eden space 2048K, 0% used [0x00000000d5580000,0x00000000d5580000,0x00000000d5780000)
  from space 1536K, 77% used [0x00000000d5a00000,0x00000000d5b28000,0x00000000d5b80000)
  to   space 1536K, 0% used [0x00000000d5880000,0x00000000d5880000,0x00000000d5a00000)
 ParOldGen       total 1229312K, used 1228845K [0x0000000080000000, 0x00000000cb080000, 0x00000000d5580000)
  object space 1229312K, 99% used [0x0000000080000000,0x00000000cb00b698,0x00000000cb080000)
 Metaspace       used 89064K, committed 90880K, reserved 1179648K
  class space    used 9312K, committed 10112K, reserved 1048576K
}
Event: 472.114 GC heap before
{Heap before GC invocations=1965 (full 4):
 PSYoungGen      total 3584K, used 3232K [0x00000000d5580000, 0x00000000d5b80000, 0x0000000100000000)
  eden space 2048K, 100% used [0x00000000d5580000,0x00000000d5780000,0x00000000d5780000)
  from space 1536K, 77% used [0x00000000d5a00000,0x00000000d5b28000,0x00000000d5b80000)
  to   space 1536K, 0% used [0x00000000d5880000,0x00000000d5880000,0x00000000d5a00000)
 ParOldGen       total 1229312K, used 1228845K [0x0000000080000000, 0x00000000cb080000, 0x00000000d5580000)
  object space 1229312K, 99% used [0x0000000080000000,0x00000000cb00b698,0x00000000cb080000)
 Metaspace       used 89064K, committed 90880K, reserved 1179648K
  class space    used 9312K, committed 10112K, reserved 1048576K
}
Event: 472.116 GC heap after
{Heap after GC invocations=1965 (full 4):
 PSYoungGen      total 4096K, used 1526K [0x00000000d5580000, 0x00000000d5f00000, 0x0000000100000000)
  eden space 2560K, 0% used [0x00000000d5580000,0x00000000d5580000,0x00000000d5800000)
  from space 1536K, 99% used [0x00000000d5880000,0x00000000d59fdb30,0x00000000d5a00000)
  to   space 3584K, 0% used [0x00000000d5b80000,0x00000000d5b80000,0x00000000d5f00000)
 ParOldGen       total 1230336K, used 1230157K [0x0000000080000000, 0x00000000cb180000, 0x00000000d5580000)
  object space 1230336K, 99% used [0x0000000080000000,0x00000000cb153698,0x00000000cb180000)
 Metaspace       used 89064K, committed 90880K, reserved 1179648K
  class space    used 9312K, committed 10112K, reserved 1048576K
}
Event: 472.121 GC heap before
{Heap before GC invocations=1966 (full 4):
 PSYoungGen      total 4096K, used 4012K [0x00000000d5580000, 0x00000000d5f00000, 0x0000000100000000)
  eden space 2560K, 97% used [0x00000000d5580000,0x00000000d57ed640,0x00000000d5800000)
  from space 1536K, 99% used [0x00000000d5880000,0x00000000d59fdb30,0x00000000d5a00000)
  to   space 3584K, 0% used [0x00000000d5b80000,0x00000000d5b80000,0x00000000d5f00000)
 ParOldGen       total 1230336K, used 1230157K [0x0000000080000000, 0x00000000cb180000, 0x00000000d5580000)
  object space 1230336K, 99% used [0x0000000080000000,0x00000000cb153698,0x00000000cb180000)
 Metaspace       used 89064K, committed 90880K, reserved 1179648K
  class space    used 9312K, committed 10112K, reserved 1048576K
}
Event: 472.123 GC heap after
{Heap after GC invocations=1966 (full 4):
 PSYoungGen      total 5632K, used 2352K [0x00000000d5580000, 0x00000000d5e00000, 0x0000000100000000)
  eden space 3072K, 0% used [0x00000000d5580000,0x00000000d5580000,0x00000000d5880000)
  from space 2560K, 91% used [0x00000000d5b80000,0x00000000d5dcc000,0x00000000d5e00000)
  to   space 2560K, 0% used [0x00000000d5900000,0x00000000d5900000,0x00000000d5b80000)
 ParOldGen       total 1232384K, used 1232019K [0x0000000080000000, 0x00000000cb380000, 0x00000000d5580000)
  object space 1232384K, 99% used [0x0000000080000000,0x00000000cb324cf8,0x00000000cb380000)
 Metaspace       used 89064K, committed 90880K, reserved 1179648K
  class space    used 9312K, committed 10112K, reserved 1048576K
}
Event: 472.519 GC heap before
{Heap before GC invocations=1967 (full 4):
 PSYoungGen      total 5632K, used 5424K [0x00000000d5580000, 0x00000000d5e00000, 0x0000000100000000)
  eden space 3072K, 100% used [0x00000000d5580000,0x00000000d5880000,0x00000000d5880000)
  from space 2560K, 91% used [0x00000000d5b80000,0x00000000d5dcc000,0x00000000d5e00000)
  to   space 2560K, 0% used [0x00000000d5900000,0x00000000d5900000,0x00000000d5b80000)
 ParOldGen       total 1232384K, used 1232019K [0x0000000080000000, 0x00000000cb380000, 0x00000000d5580000)
  object space 1232384K, 99% used [0x0000000080000000,0x00000000cb324cf8,0x00000000cb380000)
 Metaspace       used 89064K, committed 90880K, reserved 1179648K
  class space    used 9312K, committed 10112K, reserved 1048576K
}
Event: 472.521 GC heap after
{Heap after GC invocations=1967 (full 4):
 PSYoungGen      total 4608K, used 776K [0x00000000d5580000, 0x00000000d5c80000, 0x0000000100000000)
  eden space 3584K, 0% used [0x00000000d5580000,0x00000000d5580000,0x00000000d5900000)
  from space 1024K, 75% used [0x00000000d5900000,0x00000000d59c2000,0x00000000d5a00000)
  to   space 1536K, 0% used [0x00000000d5b00000,0x00000000d5b00000,0x00000000d5c80000)
 ParOldGen       total 1234432K, used 1234147K [0x0000000080000000, 0x00000000cb580000, 0x00000000d5580000)
  object space 1234432K, 99% used [0x0000000080000000,0x00000000cb538cf8,0x00000000cb580000)
 Metaspace       used 89064K, committed 90880K, reserved 1179648K
  class space    used 9312K, committed 10112K, reserved 1048576K
}
Event: 482.251 GC heap before
{Heap before GC invocations=1968 (full 4):
 PSYoungGen      total 4608K, used 4358K [0x00000000d5580000, 0x00000000d5c80000, 0x0000000100000000)
  eden space 3584K, 99% used [0x00000000d5580000,0x00000000d58ff8c8,0x00000000d5900000)
  from space 1024K, 75% used [0x00000000d5900000,0x00000000d59c2000,0x00000000d5a00000)
  to   space 1536K, 0% used [0x00000000d5b00000,0x00000000d5b00000,0x00000000d5c80000)
 ParOldGen       total 1234432K, used 1234147K [0x0000000080000000, 0x00000000cb580000, 0x00000000d5580000)
  object space 1234432K, 99% used [0x0000000080000000,0x00000000cb538cf8,0x00000000cb580000)
 Metaspace       used 89079K, committed 90880K, reserved 1179648K
  class space    used 9312K, committed 10112K, reserved 1048576K
}
Event: 482.256 GC heap after
{Heap after GC invocations=1968 (full 4):
 PSYoungGen      total 4096K, used 256K [0x00000000d5580000, 0x00000000d5b80000, 0x0000000100000000)
  eden space 3584K, 0% used [0x00000000d5580000,0x00000000d5580000,0x00000000d5900000)
  from space 512K, 50% used [0x00000000d5b00000,0x00000000d5b40020,0x00000000d5b80000)
  to   space 1024K, 0% used [0x00000000d5980000,0x00000000d5980000,0x00000000d5a80000)
 ParOldGen       total 1234944K, used 1234579K [0x0000000080000000, 0x00000000cb600000, 0x00000000d5580000)
  object space 1234944K, 99% used [0x0000000080000000,0x00000000cb5a4cf8,0x00000000cb600000)
 Metaspace       used 89079K, committed 90880K, reserved 1179648K
  class space    used 9312K, committed 10112K, reserved 1048576K
}

